<?xml version="1.0" encoding="UTF-8"?>
<testng-results skipped="0" failed="0" total="1" passed="1">
  <reporter-output>
  </reporter-output>
  <suite name="Default suite" duration-ms="28346" started-at="2020-04-06T12:06:06Z" finished-at="2020-04-06T12:06:35Z">
    <groups>
    </groups>
    <test name="Default test" duration-ms="28346" started-at="2020-04-06T12:06:06Z" finished-at="2020-04-06T12:06:35Z">
      <class name="com.training.sanity.tests.UFM_009">
        <test-method status="PASS" signature="setUpBeforeClass()[pri:0, instance:com.training.sanity.tests.UFM_009@ea4a92b]" name="setUpBeforeClass" is-config="true" duration-ms="13" started-at="2020-04-06T17:36:06Z" finished-at="2020-04-06T17:36:06Z">
          <reporter-output>
          </reporter-output>
        </test-method> <!-- setUpBeforeClass -->
        <test-method status="PASS" signature="setUp()[pri:0, instance:com.training.sanity.tests.UFM_009@ea4a92b]" name="setUp" is-config="true" duration-ms="13399" started-at="2020-04-06T17:36:06Z" finished-at="2020-04-06T17:36:20Z">
          <reporter-output>
          </reporter-output>
        </test-method> <!-- setUp -->
        <test-method status="PASS" signature="validLoginTest()[pri:0, instance:com.training.sanity.tests.UFM_009@ea4a92b]" name="validLoginTest" duration-ms="13019" started-at="2020-04-06T17:36:20Z" finished-at="2020-04-06T17:36:33Z">
          <reporter-output>
          </reporter-output>
        </test-method> <!-- validLoginTest -->
        <test-method status="PASS" signature="tearDown()[pri:0, instance:com.training.sanity.tests.UFM_009@ea4a92b]" name="tearDown" is-config="true" duration-ms="1903" started-at="2020-04-06T17:36:33Z" finished-at="2020-04-06T17:36:35Z">
          <reporter-output>
          </reporter-output>
        </test-method> <!-- tearDown -->
      </class> <!-- com.training.sanity.tests.UFM_009 -->
    </test> <!-- Default test -->
  </suite> <!-- Default suite -->
</testng-results>
