<?xml version="1.0" encoding="UTF-8"?>
<!-- Generated by org.testng.reporters.JUnitXMLReporter -->
<testsuite hostname="DESKTOP-IBBFH1L" name="Default test" tests="4" failures="0" timestamp="16 Apr 2020 14:22:04 GMT" time="83.318" errors="0">
  <testcase name="validLoginTest" time="6.629" classname="com.training.sanity.tests.UNF_068"/>
  <testcase name="validLoginTest" time="7.101" classname="com.training.sanity.tests.UNF_068"/>
  <testcase name="validLoginTest" time="7.455" classname="com.training.sanity.tests.UNF_068"/>
  <testcase name="validLoginTest" time="6.587" classname="com.training.sanity.tests.UNF_068"/>
</testsuite> <!-- Default test -->
